[0.009s] Invoking command in '/home/ikun/ros2_ws/build/ros2_numpy': CMAKE_PREFIX_PATH=/opt/ros/humble /home/ikun/.local/bin/cmake /home/ikun/ros2_ws/src/ros2_numpy -DAMENT_CMAKE_SYMLINK_INSTALL=1 -DCMAKE_INSTALL_PREFIX=/home/ikun/ros2_ws/install/ros2_numpy
[0.032s] -- Found ament_cmake: 1.3.11 (/opt/ros/humble/share/ament_cmake/cmake)
[0.095s] -- Override CMake install command with custom implementation using symlinks instead of copying resources
[0.101s] -- Found sensor_msgs: 4.8.0 (/opt/ros/humble/share/sensor_msgs/cmake)
[0.119s] -- Found rosidl_generator_c: 3.1.6 (/opt/ros/humble/share/rosidl_generator_c/cmake)
[0.121s] -- Found rosidl_adapter: 3.1.6 (/opt/ros/humble/share/rosidl_adapter/cmake)
[0.126s] -- Found rosidl_generator_cpp: 3.1.6 (/opt/ros/humble/share/rosidl_generator_cpp/cmake)
[0.134s] -- Using all available rosidl_typesupport_c: rosidl_typesupport_fastrtps_c;rosidl_typesupport_introspection_c
[0.144s] -- Using all available rosidl_typesupport_cpp: rosidl_typesupport_fastrtps_cpp;rosidl_typesupport_introspection_cpp
[0.187s] -- Found nav_msgs: 4.8.0 (/opt/ros/humble/share/nav_msgs/cmake)
[0.241s] -- Found rclpy: 3.3.16 (/opt/ros/humble/share/rclpy/cmake)
[0.241s] -- Found ament_cmake_pytest: 1.3.11 (/opt/ros/humble/share/ament_cmake_pytest/cmake)
[3.762s] -- Configuring done
[3.778s] -- Generating done
[3.782s] -- Build files have been written to: /home/ikun/ros2_ws/build/ros2_numpy
[3.794s] Invoked command in '/home/ikun/ros2_ws/build/ros2_numpy' returned '0': CMAKE_PREFIX_PATH=/opt/ros/humble /home/ikun/.local/bin/cmake /home/ikun/ros2_ws/src/ros2_numpy -DAMENT_CMAKE_SYMLINK_INSTALL=1 -DCMAKE_INSTALL_PREFIX=/home/ikun/ros2_ws/install/ros2_numpy
[3.797s] Invoking command in '/home/ikun/ros2_ws/build/ros2_numpy': CMAKE_PREFIX_PATH=/opt/ros/humble /home/ikun/.local/bin/cmake --build /home/ikun/ros2_ws/build/ros2_numpy -- -j20 -l20
[3.842s] failed to create symbolic link '/home/ikun/ros2_ws/build/ros2_numpy/ament_cmake_python/ros2_numpy/ros2_numpy' because existing path cannot be removed: Is a directory
[3.843s] gmake[2]: *** [CMakeFiles/ament_cmake_python_symlink_ros2_numpy.dir/build.make:70：CMakeFiles/ament_cmake_python_symlink_ros2_numpy] 错误 1
[3.843s] gmake[1]: *** [CMakeFiles/Makefile2:138：CMakeFiles/ament_cmake_python_symlink_ros2_numpy.dir/all] 错误 2
[3.843s] gmake: *** [Makefile:146：all] 错误 2
[3.852s] Invoked command in '/home/ikun/ros2_ws/build/ros2_numpy' returned '2': CMAKE_PREFIX_PATH=/opt/ros/humble /home/ikun/.local/bin/cmake --build /home/ikun/ros2_ws/build/ros2_numpy -- -j20 -l20
